[dotenv@17.2.1] injecting env (7) from .env -- tip: ⚙️  specify custom .env file path with { path: '/custom/path/.env' }
Server running on port 3050
signup error: AccessDeniedError [SequelizeAccessDeniedError]: Access denied for user 'medicine'@'192.168.35.1' (using password: YES)
    at ConnectionManager.connect (/home/yong/project-medicine/backend/node_modules/sequelize/lib/dialects/mysql/connection-manager.js:94:17)
    at process.processTicksAndRejections (node:internal/process/task_queues:95:5)
    at async ConnectionManager._connect (/home/yong/project-medicine/backend/node_modules/sequelize/lib/dialects/abstract/connection-manager.js:222:24)
    at async /home/yong/project-medicine/backend/node_modules/sequelize/lib/dialects/abstract/connection-manager.js:174:32
    at async ConnectionManager.getConnection (/home/yong/project-medicine/backend/node_modules/sequelize/lib/dialects/abstract/connection-manager.js:197:7)
    at async /home/yong/project-medicine/backend/node_modules/sequelize/lib/sequelize.js:305:26
    at async MySQLQueryInterface.select (/home/yong/project-medicine/backend/node_modules/sequelize/lib/dialects/abstract/query-interface.js:407:12)
    at async User.findAll (/home/yong/project-medicine/backend/node_modules/sequelize/lib/model.js:1140:21)
    at async User.findOne (/home/yong/project-medicine/backend/node_modules/sequelize/lib/model.js:1240:12)
    at async signup (/home/yong/project-medicine/backend/controllers/memberController.js:42:22) {
  parent: Error: Access denied for user 'medicine'@'192.168.35.1' (using password: YES)
      at Packet.asError (/home/yong/project-medicine/backend/node_modules/mysql2/lib/packets/packet.js:740:17)
      at ClientHandshake.execute (/home/yong/project-medicine/backend/node_modules/mysql2/lib/commands/command.js:29:26)
      at Connection.handlePacket (/home/yong/project-medicine/backend/node_modules/mysql2/lib/base/connection.js:475:34)
      at PacketParser.onPacket (/home/yong/project-medicine/backend/node_modules/mysql2/lib/base/connection.js:93:12)
      at PacketParser.executeStart (/home/yong/project-medicine/backend/node_modules/mysql2/lib/packet_parser.js:75:16)
      at Socket.<anonymous> (/home/yong/project-medicine/backend/node_modules/mysql2/lib/base/connection.js:100:25)
      at Socket.emit (node:events:517:28)
      at addChunk (node:internal/streams/readable:368:12)
      at readableAddChunk (node:internal/streams/readable:341:9)
      at Readable.push (node:internal/streams/readable:278:10) {
    code: 'ER_ACCESS_DENIED_ERROR',
    errno: 1045,
    sqlState: '28000',
    sqlMessage: "Access denied for user 'medicine'@'192.168.35.1' (using password: YES)",
    sql: undefined
  },
  original: Error: Access denied for user 'medicine'@'192.168.35.1' (using password: YES)
      at Packet.asError (/home/yong/project-medicine/backend/node_modules/mysql2/lib/packets/packet.js:740:17)
      at ClientHandshake.execute (/home/yong/project-medicine/backend/node_modules/mysql2/lib/commands/command.js:29:26)
      at Connection.handlePacket (/home/yong/project-medicine/backend/node_modules/mysql2/lib/base/connection.js:475:34)
      at PacketParser.onPacket (/home/yong/project-medicine/backend/node_modules/mysql2/lib/base/connection.js:93:12)
      at PacketParser.executeStart (/home/yong/project-medicine/backend/node_modules/mysql2/lib/packet_parser.js:75:16)
      at Socket.<anonymous> (/home/yong/project-medicine/backend/node_modules/mysql2/lib/base/connection.js:100:25)
      at Socket.emit (node:events:517:28)
      at addChunk (node:internal/streams/readable:368:12)
      at readableAddChunk (node:internal/streams/readable:341:9)
      at Readable.push (node:internal/streams/readable:278:10) {
    code: 'ER_ACCESS_DENIED_ERROR',
    errno: 1045,
    sqlState: '28000',
    sqlMessage: "Access denied for user 'medicine'@'192.168.35.1' (using password: YES)",
    sql: undefined
  }
}
signup error: AccessDeniedError [SequelizeAccessDeniedError]: Access denied for user 'medicine'@'192.168.35.1' (using password: YES)
    at ConnectionManager.connect (/home/yong/project-medicine/backend/node_modules/sequelize/lib/dialects/mysql/connection-manager.js:94:17)
    at process.processTicksAndRejections (node:internal/process/task_queues:95:5)
    at async ConnectionManager._connect (/home/yong/project-medicine/backend/node_modules/sequelize/lib/dialects/abstract/connection-manager.js:222:24)
    at async /home/yong/project-medicine/backend/node_modules/sequelize/lib/dialects/abstract/connection-manager.js:174:32
    at async ConnectionManager.getConnection (/home/yong/project-medicine/backend/node_modules/sequelize/lib/dialects/abstract/connection-manager.js:197:7)
    at async /home/yong/project-medicine/backend/node_modules/sequelize/lib/sequelize.js:305:26
    at async MySQLQueryInterface.select (/home/yong/project-medicine/backend/node_modules/sequelize/lib/dialects/abstract/query-interface.js:407:12)
    at async User.findAll (/home/yong/project-medicine/backend/node_modules/sequelize/lib/model.js:1140:21)
    at async User.findOne (/home/yong/project-medicine/backend/node_modules/sequelize/lib/model.js:1240:12)
    at async signup (/home/yong/project-medicine/backend/controllers/memberController.js:42:22) {
  parent: Error: Access denied for user 'medicine'@'192.168.35.1' (using password: YES)
      at Packet.asError (/home/yong/project-medicine/backend/node_modules/mysql2/lib/packets/packet.js:740:17)
      at ClientHandshake.execute (/home/yong/project-medicine/backend/node_modules/mysql2/lib/commands/command.js:29:26)
      at Connection.handlePacket (/home/yong/project-medicine/backend/node_modules/mysql2/lib/base/connection.js:475:34)
      at PacketParser.onPacket (/home/yong/project-medicine/backend/node_modules/mysql2/lib/base/connection.js:93:12)
      at PacketParser.executeStart (/home/yong/project-medicine/backend/node_modules/mysql2/lib/packet_parser.js:75:16)
      at Socket.<anonymous> (/home/yong/project-medicine/backend/node_modules/mysql2/lib/base/connection.js:100:25)
      at Socket.emit (node:events:517:28)
      at addChunk (node:internal/streams/readable:368:12)
      at readableAddChunk (node:internal/streams/readable:341:9)
      at Readable.push (node:internal/streams/readable:278:10) {
    code: 'ER_ACCESS_DENIED_ERROR',
    errno: 1045,
    sqlState: '28000',
    sqlMessage: "Access denied for user 'medicine'@'192.168.35.1' (using password: YES)",
    sql: undefined
  },
  original: Error: Access denied for user 'medicine'@'192.168.35.1' (using password: YES)
      at Packet.asError (/home/yong/project-medicine/backend/node_modules/mysql2/lib/packets/packet.js:740:17)
      at ClientHandshake.execute (/home/yong/project-medicine/backend/node_modules/mysql2/lib/commands/command.js:29:26)
      at Connection.handlePacket (/home/yong/project-medicine/backend/node_modules/mysql2/lib/base/connection.js:475:34)
      at PacketParser.onPacket (/home/yong/project-medicine/backend/node_modules/mysql2/lib/base/connection.js:93:12)
      at PacketParser.executeStart (/home/yong/project-medicine/backend/node_modules/mysql2/lib/packet_parser.js:75:16)
      at Socket.<anonymous> (/home/yong/project-medicine/backend/node_modules/mysql2/lib/base/connection.js:100:25)
      at Socket.emit (node:events:517:28)
      at addChunk (node:internal/streams/readable:368:12)
      at readableAddChunk (node:internal/streams/readable:341:9)
      at Readable.push (node:internal/streams/readable:278:10) {
    code: 'ER_ACCESS_DENIED_ERROR',
    errno: 1045,
    sqlState: '28000',
    sqlMessage: "Access denied for user 'medicine'@'192.168.35.1' (using password: YES)",
    sql: undefined
  }
}
signup error: AccessDeniedError [SequelizeAccessDeniedError]: Access denied for user 'medicine'@'192.168.35.1' (using password: YES)
    at ConnectionManager.connect (/home/yong/project-medicine/backend/node_modules/sequelize/lib/dialects/mysql/connection-manager.js:94:17)
    at process.processTicksAndRejections (node:internal/process/task_queues:95:5)
    at async ConnectionManager._connect (/home/yong/project-medicine/backend/node_modules/sequelize/lib/dialects/abstract/connection-manager.js:222:24)
    at async /home/yong/project-medicine/backend/node_modules/sequelize/lib/dialects/abstract/connection-manager.js:174:32
    at async ConnectionManager.getConnection (/home/yong/project-medicine/backend/node_modules/sequelize/lib/dialects/abstract/connection-manager.js:197:7)
    at async /home/yong/project-medicine/backend/node_modules/sequelize/lib/sequelize.js:305:26
    at async MySQLQueryInterface.select (/home/yong/project-medicine/backend/node_modules/sequelize/lib/dialects/abstract/query-interface.js:407:12)
    at async User.findAll (/home/yong/project-medicine/backend/node_modules/sequelize/lib/model.js:1140:21)
    at async User.findOne (/home/yong/project-medicine/backend/node_modules/sequelize/lib/model.js:1240:12)
    at async signup (/home/yong/project-medicine/backend/controllers/memberController.js:42:22) {
  parent: Error: Access denied for user 'medicine'@'192.168.35.1' (using password: YES)
      at Packet.asError (/home/yong/project-medicine/backend/node_modules/mysql2/lib/packets/packet.js:740:17)
      at ClientHandshake.execute (/home/yong/project-medicine/backend/node_modules/mysql2/lib/commands/command.js:29:26)
      at Connection.handlePacket (/home/yong/project-medicine/backend/node_modules/mysql2/lib/base/connection.js:475:34)
      at PacketParser.onPacket (/home/yong/project-medicine/backend/node_modules/mysql2/lib/base/connection.js:93:12)
      at PacketParser.executeStart (/home/yong/project-medicine/backend/node_modules/mysql2/lib/packet_parser.js:75:16)
      at Socket.<anonymous> (/home/yong/project-medicine/backend/node_modules/mysql2/lib/base/connection.js:100:25)
      at Socket.emit (node:events:517:28)
      at addChunk (node:internal/streams/readable:368:12)
      at readableAddChunk (node:internal/streams/readable:341:9)
      at Readable.push (node:internal/streams/readable:278:10) {
    code: 'ER_ACCESS_DENIED_ERROR',
    errno: 1045,
    sqlState: '28000',
    sqlMessage: "Access denied for user 'medicine'@'192.168.35.1' (using password: YES)",
    sql: undefined
  },
  original: Error: Access denied for user 'medicine'@'192.168.35.1' (using password: YES)
      at Packet.asError (/home/yong/project-medicine/backend/node_modules/mysql2/lib/packets/packet.js:740:17)
      at ClientHandshake.execute (/home/yong/project-medicine/backend/node_modules/mysql2/lib/commands/command.js:29:26)
      at Connection.handlePacket (/home/yong/project-medicine/backend/node_modules/mysql2/lib/base/connection.js:475:34)
      at PacketParser.onPacket (/home/yong/project-medicine/backend/node_modules/mysql2/lib/base/connection.js:93:12)
      at PacketParser.executeStart (/home/yong/project-medicine/backend/node_modules/mysql2/lib/packet_parser.js:75:16)
      at Socket.<anonymous> (/home/yong/project-medicine/backend/node_modules/mysql2/lib/base/connection.js:100:25)
      at Socket.emit (node:events:517:28)
      at addChunk (node:internal/streams/readable:368:12)
      at readableAddChunk (node:internal/streams/readable:341:9)
      at Readable.push (node:internal/streams/readable:278:10) {
    code: 'ER_ACCESS_DENIED_ERROR',
    errno: 1045,
    sqlState: '28000',
    sqlMessage: "Access denied for user 'medicine'@'192.168.35.1' (using password: YES)",
    sql: undefined
  }
}
signup error: AccessDeniedError [SequelizeAccessDeniedError]: Access denied for user 'medicine'@'192.168.35.1' (using password: YES)
    at ConnectionManager.connect (/home/yong/project-medicine/backend/node_modules/sequelize/lib/dialects/mysql/connection-manager.js:94:17)
    at process.processTicksAndRejections (node:internal/process/task_queues:95:5)
    at async ConnectionManager._connect (/home/yong/project-medicine/backend/node_modules/sequelize/lib/dialects/abstract/connection-manager.js:222:24)
    at async /home/yong/project-medicine/backend/node_modules/sequelize/lib/dialects/abstract/connection-manager.js:174:32
    at async ConnectionManager.getConnection (/home/yong/project-medicine/backend/node_modules/sequelize/lib/dialects/abstract/connection-manager.js:197:7)
    at async /home/yong/project-medicine/backend/node_modules/sequelize/lib/sequelize.js:305:26
    at async MySQLQueryInterface.select (/home/yong/project-medicine/backend/node_modules/sequelize/lib/dialects/abstract/query-interface.js:407:12)
    at async User.findAll (/home/yong/project-medicine/backend/node_modules/sequelize/lib/model.js:1140:21)
    at async User.findOne (/home/yong/project-medicine/backend/node_modules/sequelize/lib/model.js:1240:12)
    at async signup (/home/yong/project-medicine/backend/controllers/memberController.js:42:22) {
  parent: Error: Access denied for user 'medicine'@'192.168.35.1' (using password: YES)
      at Packet.asError (/home/yong/project-medicine/backend/node_modules/mysql2/lib/packets/packet.js:740:17)
      at ClientHandshake.execute (/home/yong/project-medicine/backend/node_modules/mysql2/lib/commands/command.js:29:26)
      at Connection.handlePacket (/home/yong/project-medicine/backend/node_modules/mysql2/lib/base/connection.js:475:34)
      at PacketParser.onPacket (/home/yong/project-medicine/backend/node_modules/mysql2/lib/base/connection.js:93:12)
      at PacketParser.executeStart (/home/yong/project-medicine/backend/node_modules/mysql2/lib/packet_parser.js:75:16)
      at Socket.<anonymous> (/home/yong/project-medicine/backend/node_modules/mysql2/lib/base/connection.js:100:25)
      at Socket.emit (node:events:517:28)
      at addChunk (node:internal/streams/readable:368:12)
      at readableAddChunk (node:internal/streams/readable:341:9)
      at Readable.push (node:internal/streams/readable:278:10) {
    code: 'ER_ACCESS_DENIED_ERROR',
    errno: 1045,
    sqlState: '28000',
    sqlMessage: "Access denied for user 'medicine'@'192.168.35.1' (using password: YES)",
    sql: undefined
  },
  original: Error: Access denied for user 'medicine'@'192.168.35.1' (using password: YES)
      at Packet.asError (/home/yong/project-medicine/backend/node_modules/mysql2/lib/packets/packet.js:740:17)
      at ClientHandshake.execute (/home/yong/project-medicine/backend/node_modules/mysql2/lib/commands/command.js:29:26)
      at Connection.handlePacket (/home/yong/project-medicine/backend/node_modules/mysql2/lib/base/connection.js:475:34)
      at PacketParser.onPacket (/home/yong/project-medicine/backend/node_modules/mysql2/lib/base/connection.js:93:12)
      at PacketParser.executeStart (/home/yong/project-medicine/backend/node_modules/mysql2/lib/packet_parser.js:75:16)
      at Socket.<anonymous> (/home/yong/project-medicine/backend/node_modules/mysql2/lib/base/connection.js:100:25)
      at Socket.emit (node:events:517:28)
      at addChunk (node:internal/streams/readable:368:12)
      at readableAddChunk (node:internal/streams/readable:341:9)
      at Readable.push (node:internal/streams/readable:278:10) {
    code: 'ER_ACCESS_DENIED_ERROR',
    errno: 1045,
    sqlState: '28000',
    sqlMessage: "Access denied for user 'medicine'@'192.168.35.1' (using password: YES)",
    sql: undefined
  }
}
